<?xml version="1.0" encoding="UTF-8"?>
<!-- Generated by org.testng.reporters.JUnitXMLReporter -->
<testsuite ignored="0" hostname="DESKTOP-KKPJ5RQ" failures="0" tests="11" name="CalculatorTest" time="14.435" errors="0" timestamp="2023-09-07T15:45:14 IST">
  <testcase classname="com.seleniumtesting.demo.TestngDemo" name="Calculator" time="13.768"/>
  <testcase classname="com.seleniumtesting.demo.TestngDemo" name="supplier" time="0.023"/>
  <testcase classname="com.seleniumtesting.demo.Banking" name="Banking_Bike_Loan" time="0.013"/>
  <testcase classname="com.seleniumtesting.demo.Banking" name="Banking_Car_Loan" time="0.013"/>
  <testcase classname="com.seleniumtesting.demo.Banking" name="Banking_Home_Loan" time="0.01"/>
  <testcase classname="com.seleniumtesting.demo.Banking" name="Banking_Personal_Loan" time="0.007"/>
  <testcase classname="com.seleniumtesting.demo.Banking" name="SignIn" time="0.055"/>
  <testcase classname="com.seleniumtesting.demo.BankingAccounts" name="CurrntAccount" time="0.012"/>
  <testcase classname="com.seleniumtesting.demo.BankingAccounts" name="FD_Account" time="0.004"/>
  <testcase classname="com.seleniumtesting.demo.BankingAccounts" name="SalaryAccount" time="0.069"/>
  <testcase classname="com.seleniumtesting.demo.BankingAccounts" name="SavingAccount" time="0.003"/>
</testsuite> <!-- CalculatorTest -->
