<?xml version="1.0" encoding="UTF-8"?>
<!-- Generated by org.testng.reporters.JUnitXMLReporter -->
<testsuite ignored="5" hostname="DESKTOP-KKPJ5RQ" failures="0" tests="4" name="Regression" time="0.977" errors="0" timestamp="2023-07-02T13:28:55 IST">
  <testcase classname="com.seleniumtesting.demo.BankingAccounts" name="SalaryAccount" time="0.392"/>
  <testcase classname="com.seleniumtesting.demo.BankingAccounts" name="SavingAccount" time="0.008"/>
  <testcase classname="com.seleniumtesting.demo.Banking" name="Banking_Home_Loan" time="0.004"/>
  <testcase classname="com.seleniumtesting.demo.Banking" name="Banking_Personal_Loan" time="0.005"/>
  <testcase classname="com.seleniumtesting.demo.BankingAccounts" name="FD_Account" time="0.0">
    <ignored/>
  </testcase> <!-- FD_Account -->
  <testcase classname="com.seleniumtesting.demo.Banking" name="SignIn" time="0.0">
    <ignored/>
  </testcase> <!-- SignIn -->
  <testcase classname="com.seleniumtesting.demo.Banking" name="Banking_Car_Loan" time="0.0">
    <ignored/>
  </testcase> <!-- Banking_Car_Loan -->
  <testcase classname="com.seleniumtesting.demo.BankingAccounts" name="CurrntAccount" time="0.0">
    <ignored/>
  </testcase> <!-- CurrntAccount -->
  <testcase classname="com.seleniumtesting.demo.Banking" name="Banking_Bike_Loan" time="0.0">
    <ignored/>
  </testcase> <!-- Banking_Bike_Loan -->
</testsuite> <!-- Regression -->
