<?xml version="1.0" encoding="UTF-8"?>
<!-- Generated by org.testng.reporters.JUnitXMLReporter -->
<testsuite ignored="1" hostname="DESKTOP-KKPJ5RQ" failures="0" tests="4" name="Test" time="0.611" errors="0" timestamp="2023-07-02T21:22:18 IST">
  <testcase classname="com.seleniumtesting.demo.Banking" name="Banking_Bike_Loan" time="0.053"/>
  <testcase classname="com.seleniumtesting.demo.Banking" name="Banking_Car_Loan" time="0.013"/>
  <testcase classname="com.seleniumtesting.demo.Banking" name="Banking_Home_Loan" time="0.009"/>
  <testcase classname="com.seleniumtesting.demo.Banking" name="Banking_Personal_Loan" time="0.008"/>
  <testcase classname="com.seleniumtesting.demo.Banking" name="SignIn" time="0.0">
    <ignored/>
  </testcase> <!-- SignIn -->
</testsuite> <!-- Test -->
